<?xml version="1.0" encoding="UTF-8" ?>
<testsuite failures="0" time="0.209" errors="0" skipped="0" tests="6" name="org.example.filemanager.common.TestFileTypeResolver">
  <properties>
[...]
</properties>
  <testcase time="0.006" classname="org.example.filemanager.common.TestFileTypeResolver" name="testBaseFolder"/>
  <testcase time="0.002" classname="org.example.filemanager.common.TestFileTypeResolver" name="testAnyFile1"/>
  <testcase time="0.002" classname="org.example.filemanager.common.TestFileTypeResolver" name="testAnyFile2"/>
  <testcase time="0.003" classname="org.example.filemanager.common.TestFileTypeResolver" name="testAnyFile3"/>
  <testcase time="0.002" classname="org.example.filemanager.common.TestFileTypeResolver" name="testAnyFolder"/>
  <testcase time="0.001" classname="org.example.filemanager.common.TestFileTypeResolver" name="testTextFile"/>
</testsuite>